  [1m[36mActiveRecord::SchemaMigration Load (19.6ms)[0m  [1mSELECT "schema_migrations".* FROM "schema_migrations"[0m
  [1m[35mActiveRecord::SchemaMigration Load (0.2ms)[0m  SELECT "schema_migrations".* FROM "schema_migrations"
  [1m[36m (3.8ms)[0m  [1mSELECT t2.oid::regclass::text AS to_table, a1.attname AS column, a2.attname AS primary_key, c.conname AS name, c.confupdtype AS on_update, c.confdeltype AS on_delete
FROM pg_constraint c
JOIN pg_class t1 ON c.conrelid = t1.oid
JOIN pg_class t2 ON c.confrelid = t2.oid
JOIN pg_attribute a1 ON a1.attnum = c.conkey[1] AND a1.attrelid = t1.oid
JOIN pg_attribute a2 ON a2.attnum = c.confkey[1] AND a2.attrelid = t2.oid
JOIN pg_namespace t3 ON c.connamespace = t3.oid
WHERE c.contype = 'f'
  AND t1.relname = 'users'
  AND t3.nspname = ANY (current_schemas(false))
ORDER BY c.conname
[0m


Started GET "/" for ::1 at 2015-06-24 10:17:10 -0700
  [1m[36mActiveRecord::SchemaMigration Load (0.7ms)[0m  [1mSELECT "schema_migrations".* FROM "schema_migrations"[0m
Processing by MainController#index as HTML
  Rendered main/index.html.erb within layouts/application (1.8ms)
Completed 200 OK in 1517ms (Views: 1506.7ms | ActiveRecord: 0.0ms)


Started GET "/assets/main.self-e3b0c44298fc1c149afbf4c8996fb92427ae41e4649b934ca495991b7852b855.css?body=1" for ::1 at 2015-06-24 10:17:12 -0700


Started GET "/assets/application.self-6fb14683dc05d76a498c09e1ea49421daebb6a4937f3b8828213d8fd14ebb475.css?body=1" for ::1 at 2015-06-24 10:17:12 -0700


Started GET "/assets/jquery.self-d03a5518f45df77341bdbe6201ba3bfa547ebba8ed64f0ea56bfa5f96ea7c074.js?body=1" for ::1 at 2015-06-24 10:17:12 -0700


Started GET "/assets/users.self-e3b0c44298fc1c149afbf4c8996fb92427ae41e4649b934ca495991b7852b855.css?body=1" for ::1 at 2015-06-24 10:17:12 -0700


Started GET "/assets/jquery_ujs.self-ca5248a2fad13d6bd58ea121318d642f195f0b2dd818b30615f785ff365e8d1f.js?body=1" for ::1 at 2015-06-24 10:17:12 -0700


Started GET "/assets/turbolinks.self-c37727e9bd6b2735da5c311aa83fead54ed0be6cc8bd9a65309e9c5abe2cbfff.js?body=1" for ::1 at 2015-06-24 10:17:12 -0700


Started GET "/assets/application.self-3a3c8b61bda630ee689740ce7cbd0dd8ea6fdd45e2c42eef4661ab38cf268afe.js?body=1" for ::1 at 2015-06-24 10:17:12 -0700


Started GET "/users/new" for ::1 at 2015-06-24 10:17:23 -0700
Processing by UsersController#new as HTML
  Rendered users/new.html.erb within layouts/application (19.6ms)
Completed 200 OK in 52ms (Views: 39.2ms | ActiveRecord: 3.5ms)


Started POST "/users" for ::1 at 2015-06-24 10:18:31 -0700
Processing by UsersController#create as HTML
  Parameters: {"utf8"=>"✓", "authenticity_token"=>"zTN2BJlbse6ldEv2XMjyuUNfT4TF/KaiRF/eJR1RZ9yBfZb8PuvBUQNSf/NwAXYH4WEcj7/a54l7d9s4jDZ4CA==", "user"=>{"name"=>"Jardino", "email"=>"jarodreyes+test11@gmail.com", "password"=>"[FILTERED]", "country_code"=>"+1", "phone_number"=>"2066505813"}}
Redirected to http://localhost:3000/users/verify
Completed 302 Found in 83ms (ActiveRecord: 0.0ms)


Started GET "/users/verify" for ::1 at 2015-06-24 10:18:31 -0700
Processing by UsersController#show_verify as HTML
Redirected to http://localhost:3000/users/new
Completed 302 Found in 1ms (ActiveRecord: 0.0ms)


Started GET "/users/new" for ::1 at 2015-06-24 10:18:31 -0700
Processing by UsersController#new as HTML
  Rendered users/new.html.erb within layouts/application (9.1ms)
Completed 200 OK in 55ms (Views: 54.1ms | ActiveRecord: 0.0ms)


Started GET "/assets/main.self-e3b0c44298fc1c149afbf4c8996fb92427ae41e4649b934ca495991b7852b855.css?body=1" for ::1 at 2015-06-24 10:18:31 -0700


Started GET "/assets/users.self-e3b0c44298fc1c149afbf4c8996fb92427ae41e4649b934ca495991b7852b855.css?body=1" for ::1 at 2015-06-24 10:18:31 -0700


Started GET "/assets/application.self-6fb14683dc05d76a498c09e1ea49421daebb6a4937f3b8828213d8fd14ebb475.css?body=1" for ::1 at 2015-06-24 10:18:31 -0700


Started GET "/assets/jquery.self-d03a5518f45df77341bdbe6201ba3bfa547ebba8ed64f0ea56bfa5f96ea7c074.js?body=1" for ::1 at 2015-06-24 10:18:31 -0700


Started GET "/assets/jquery_ujs.self-ca5248a2fad13d6bd58ea121318d642f195f0b2dd818b30615f785ff365e8d1f.js?body=1" for ::1 at 2015-06-24 10:18:31 -0700


Started GET "/assets/turbolinks.self-c37727e9bd6b2735da5c311aa83fead54ed0be6cc8bd9a65309e9c5abe2cbfff.js?body=1" for ::1 at 2015-06-24 10:18:31 -0700


Started GET "/assets/application.self-3a3c8b61bda630ee689740ce7cbd0dd8ea6fdd45e2c42eef4661ab38cf268afe.js?body=1" for ::1 at 2015-06-24 10:18:31 -0700


Started GET "/users/verify" for ::1 at 2015-06-24 10:20:15 -0700
Processing by UsersController#show_verify as HTML
Redirected to http://localhost:3000/users/new
Completed 302 Found in 2ms (ActiveRecord: 0.0ms)


Started GET "/users/new" for ::1 at 2015-06-24 10:20:15 -0700
Processing by UsersController#new as HTML
  Rendered users/new.html.erb within layouts/application (16.6ms)
Completed 200 OK in 63ms (Views: 61.4ms | ActiveRecord: 0.0ms)


Started GET "/assets/main.self-e3b0c44298fc1c149afbf4c8996fb92427ae41e4649b934ca495991b7852b855.css?body=1" for ::1 at 2015-06-24 10:20:15 -0700


Started GET "/assets/users.self-e3b0c44298fc1c149afbf4c8996fb92427ae41e4649b934ca495991b7852b855.css?body=1" for ::1 at 2015-06-24 10:20:15 -0700


Started GET "/assets/application.self-6fb14683dc05d76a498c09e1ea49421daebb6a4937f3b8828213d8fd14ebb475.css?body=1" for ::1 at 2015-06-24 10:20:15 -0700


Started GET "/assets/jquery.self-d03a5518f45df77341bdbe6201ba3bfa547ebba8ed64f0ea56bfa5f96ea7c074.js?body=1" for ::1 at 2015-06-24 10:20:15 -0700


Started GET "/assets/jquery_ujs.self-ca5248a2fad13d6bd58ea121318d642f195f0b2dd818b30615f785ff365e8d1f.js?body=1" for ::1 at 2015-06-24 10:20:15 -0700


Started GET "/assets/turbolinks.self-c37727e9bd6b2735da5c311aa83fead54ed0be6cc8bd9a65309e9c5abe2cbfff.js?body=1" for ::1 at 2015-06-24 10:20:15 -0700


Started GET "/assets/application.self-3a3c8b61bda630ee689740ce7cbd0dd8ea6fdd45e2c42eef4661ab38cf268afe.js?body=1" for ::1 at 2015-06-24 10:20:15 -0700


Started GET "/users/new" for ::1 at 2015-06-24 10:22:26 -0700
  [1m[36mActiveRecord::SchemaMigration Load (0.4ms)[0m  [1mSELECT "schema_migrations".* FROM "schema_migrations"[0m
Processing by UsersController#new as HTML
  Rendered users/new.html.erb within layouts/application (22.0ms)
Completed 200 OK in 369ms (Views: 344.7ms | ActiveRecord: 4.5ms)


Started GET "/assets/main.self-e3b0c44298fc1c149afbf4c8996fb92427ae41e4649b934ca495991b7852b855.css?body=1" for ::1 at 2015-06-24 10:22:27 -0700


Started GET "/assets/users.self-e3b0c44298fc1c149afbf4c8996fb92427ae41e4649b934ca495991b7852b855.css?body=1" for ::1 at 2015-06-24 10:22:27 -0700


Started GET "/assets/application.self-6fb14683dc05d76a498c09e1ea49421daebb6a4937f3b8828213d8fd14ebb475.css?body=1" for ::1 at 2015-06-24 10:22:27 -0700


Started GET "/assets/jquery.self-d03a5518f45df77341bdbe6201ba3bfa547ebba8ed64f0ea56bfa5f96ea7c074.js?body=1" for ::1 at 2015-06-24 10:22:27 -0700


Started GET "/assets/jquery_ujs.self-ca5248a2fad13d6bd58ea121318d642f195f0b2dd818b30615f785ff365e8d1f.js?body=1" for ::1 at 2015-06-24 10:22:27 -0700


Started GET "/assets/turbolinks.self-c37727e9bd6b2735da5c311aa83fead54ed0be6cc8bd9a65309e9c5abe2cbfff.js?body=1" for ::1 at 2015-06-24 10:22:27 -0700


Started GET "/assets/application.self-3a3c8b61bda630ee689740ce7cbd0dd8ea6fdd45e2c42eef4661ab38cf268afe.js?body=1" for ::1 at 2015-06-24 10:22:27 -0700


Started GET "/users/new" for ::1 at 2015-06-24 10:22:44 -0700
Processing by UsersController#new as HTML
  Rendered users/new.html.erb within layouts/application (2.5ms)
Completed 200 OK in 54ms (Views: 43.7ms | ActiveRecord: 2.3ms)


Started GET "/assets/users.self-e3b0c44298fc1c149afbf4c8996fb92427ae41e4649b934ca495991b7852b855.css?body=1" for ::1 at 2015-06-24 10:22:44 -0700


Started GET "/assets/application.self-6fb14683dc05d76a498c09e1ea49421daebb6a4937f3b8828213d8fd14ebb475.css?body=1" for ::1 at 2015-06-24 10:22:44 -0700


Started GET "/assets/turbolinks.self-c37727e9bd6b2735da5c311aa83fead54ed0be6cc8bd9a65309e9c5abe2cbfff.js?body=1" for ::1 at 2015-06-24 10:22:44 -0700


Started GET "/assets/jquery_ujs.self-ca5248a2fad13d6bd58ea121318d642f195f0b2dd818b30615f785ff365e8d1f.js?body=1" for ::1 at 2015-06-24 10:22:44 -0700


Started GET "/assets/jquery.self-d03a5518f45df77341bdbe6201ba3bfa547ebba8ed64f0ea56bfa5f96ea7c074.js?body=1" for ::1 at 2015-06-24 10:22:44 -0700


Started GET "/assets/main.self-e3b0c44298fc1c149afbf4c8996fb92427ae41e4649b934ca495991b7852b855.css?body=1" for ::1 at 2015-06-24 10:22:44 -0700


Started GET "/assets/application.self-3a3c8b61bda630ee689740ce7cbd0dd8ea6fdd45e2c42eef4661ab38cf268afe.js?body=1" for ::1 at 2015-06-24 10:22:44 -0700


Started GET "/users/new" for ::1 at 2015-06-24 10:24:09 -0700
  [1m[36mActiveRecord::SchemaMigration Load (0.5ms)[0m  [1mSELECT "schema_migrations".* FROM "schema_migrations"[0m
Processing by UsersController#new as HTML
  Rendered users/new.html.erb within layouts/application (25.2ms)
Completed 200 OK in 380ms (Views: 351.8ms | ActiveRecord: 6.1ms)


Started GET "/assets/main.self-e3b0c44298fc1c149afbf4c8996fb92427ae41e4649b934ca495991b7852b855.css?body=1" for ::1 at 2015-06-24 10:24:10 -0700


Started GET "/assets/users.self-e3b0c44298fc1c149afbf4c8996fb92427ae41e4649b934ca495991b7852b855.css?body=1" for ::1 at 2015-06-24 10:24:10 -0700


Started GET "/assets/application.self-6fb14683dc05d76a498c09e1ea49421daebb6a4937f3b8828213d8fd14ebb475.css?body=1" for ::1 at 2015-06-24 10:24:10 -0700


Started GET "/assets/turbolinks.self-c37727e9bd6b2735da5c311aa83fead54ed0be6cc8bd9a65309e9c5abe2cbfff.js?body=1" for ::1 at 2015-06-24 10:24:10 -0700


Started GET "/assets/application.self-3a3c8b61bda630ee689740ce7cbd0dd8ea6fdd45e2c42eef4661ab38cf268afe.js?body=1" for ::1 at 2015-06-24 10:24:10 -0700


Started GET "/assets/jquery.self-d03a5518f45df77341bdbe6201ba3bfa547ebba8ed64f0ea56bfa5f96ea7c074.js?body=1" for ::1 at 2015-06-24 10:24:10 -0700


Started GET "/assets/jquery_ujs.self-ca5248a2fad13d6bd58ea121318d642f195f0b2dd818b30615f785ff365e8d1f.js?body=1" for ::1 at 2015-06-24 10:24:10 -0700


Started POST "/users" for ::1 at 2015-06-24 10:24:36 -0700
Processing by UsersController#create as HTML
  Parameters: {"utf8"=>"✓", "authenticity_token"=>"HLOI4We/mVgb7V7DgWySlwc4nC4iCn/MhaITektDxYVQ/WgZwA/p573LasatpRYppQbPJVgsPue6ihZn2iTaUQ==", "user"=>{"name"=>"Jardion Roho", "email"=>"jarodreyes+test12@gmail.com", "password"=>"[FILTERED]", "country_code"=>"1", "phone_number"=>"2066505813"}}
Redirected to http://localhost:3000/users/verify
Completed 302 Found in 79ms (ActiveRecord: 0.0ms)


Started GET "/users/verify" for ::1 at 2015-06-24 10:24:36 -0700
Processing by UsersController#show_verify as HTML
Redirected to http://localhost:3000/users/new
Completed 302 Found in 1ms (ActiveRecord: 0.0ms)


Started GET "/users/new" for ::1 at 2015-06-24 10:24:36 -0700
Processing by UsersController#new as HTML
  Rendered users/new.html.erb within layouts/application (4.3ms)
Completed 200 OK in 36ms (Views: 34.8ms | ActiveRecord: 0.0ms)


Started GET "/assets/users.self-e3b0c44298fc1c149afbf4c8996fb92427ae41e4649b934ca495991b7852b855.css?body=1" for ::1 at 2015-06-24 10:24:36 -0700


Started GET "/assets/application.self-6fb14683dc05d76a498c09e1ea49421daebb6a4937f3b8828213d8fd14ebb475.css?body=1" for ::1 at 2015-06-24 10:24:36 -0700


Started GET "/assets/jquery.self-d03a5518f45df77341bdbe6201ba3bfa547ebba8ed64f0ea56bfa5f96ea7c074.js?body=1" for ::1 at 2015-06-24 10:24:36 -0700


Started GET "/assets/turbolinks.self-c37727e9bd6b2735da5c311aa83fead54ed0be6cc8bd9a65309e9c5abe2cbfff.js?body=1" for ::1 at 2015-06-24 10:24:36 -0700


Started GET "/assets/jquery_ujs.self-ca5248a2fad13d6bd58ea121318d642f195f0b2dd818b30615f785ff365e8d1f.js?body=1" for ::1 at 2015-06-24 10:24:36 -0700


Started GET "/assets/main.self-e3b0c44298fc1c149afbf4c8996fb92427ae41e4649b934ca495991b7852b855.css?body=1" for ::1 at 2015-06-24 10:24:36 -0700


Started GET "/assets/application.self-3a3c8b61bda630ee689740ce7cbd0dd8ea6fdd45e2c42eef4661ab38cf268afe.js?body=1" for ::1 at 2015-06-24 10:24:36 -0700


Started GET "/assets/application.self-3a3c8b61bda630ee689740ce7cbd0dd8ea6fdd45e2c42eef4661ab38cf268afe.js?body=1" for ::1 at 2015-06-24 10:24:37 -0700


Started POST "/users" for ::1 at 2015-06-24 10:27:53 -0700
Processing by UsersController#create as HTML
  Parameters: {"utf8"=>"✓", "authenticity_token"=>"EWXkruq8ZwuZz1qV8utEZ0NrLvfJnuRnOzvmHJwEj1ldKwRWTQwXtD/pbpDeIsDZ4VV9/LO4pUwEE+MBDWOQjQ==", "user"=>{"name"=>"Jardino", "email"=>"jarodreyes+test12@gmail.com", "password"=>"[FILTERED]", "country_code"=>"1", "phone_number"=>"2066505813"}}
Redirected to http://localhost:3000/users/verify
Completed 302 Found in 82ms (ActiveRecord: 3.9ms)


Started GET "/users/verify" for ::1 at 2015-06-24 10:27:53 -0700
Processing by UsersController#show_verify as HTML
Redirected to http://localhost:3000/users/new
Completed 302 Found in 2ms (ActiveRecord: 0.0ms)


Started GET "/users/new" for ::1 at 2015-06-24 10:27:53 -0700
Processing by UsersController#new as HTML
  Rendered users/new.html.erb within layouts/application (3.5ms)
Completed 200 OK in 51ms (Views: 49.7ms | ActiveRecord: 0.0ms)


Started GET "/assets/main.self-e3b0c44298fc1c149afbf4c8996fb92427ae41e4649b934ca495991b7852b855.css?body=1" for ::1 at 2015-06-24 10:27:53 -0700


Started GET "/assets/application.self-6fb14683dc05d76a498c09e1ea49421daebb6a4937f3b8828213d8fd14ebb475.css?body=1" for ::1 at 2015-06-24 10:27:53 -0700


Started GET "/assets/users.self-e3b0c44298fc1c149afbf4c8996fb92427ae41e4649b934ca495991b7852b855.css?body=1" for ::1 at 2015-06-24 10:27:53 -0700


Started GET "/assets/jquery.self-d03a5518f45df77341bdbe6201ba3bfa547ebba8ed64f0ea56bfa5f96ea7c074.js?body=1" for ::1 at 2015-06-24 10:27:53 -0700


Started GET "/assets/turbolinks.self-c37727e9bd6b2735da5c311aa83fead54ed0be6cc8bd9a65309e9c5abe2cbfff.js?body=1" for ::1 at 2015-06-24 10:27:53 -0700


Started GET "/assets/jquery_ujs.self-ca5248a2fad13d6bd58ea121318d642f195f0b2dd818b30615f785ff365e8d1f.js?body=1" for ::1 at 2015-06-24 10:27:53 -0700


Started GET "/assets/application.self-3a3c8b61bda630ee689740ce7cbd0dd8ea6fdd45e2c42eef4661ab38cf268afe.js?body=1" for ::1 at 2015-06-24 10:27:53 -0700


Started GET "/assets/jquery.self-d03a5518f45df77341bdbe6201ba3bfa547ebba8ed64f0ea56bfa5f96ea7c074.js?body=1" for ::1 at 2015-06-24 10:27:53 -0700


Started GET "/assets/turbolinks.self-c37727e9bd6b2735da5c311aa83fead54ed0be6cc8bd9a65309e9c5abe2cbfff.js?body=1" for ::1 at 2015-06-24 10:27:53 -0700


Started GET "/users/new" for ::1 at 2015-06-24 10:31:07 -0700
Processing by UsersController#new as HTML
  Rendered users/new.html.erb within layouts/application (2.0ms)
Completed 200 OK in 89ms (Views: 60.9ms | ActiveRecord: 6.0ms)


Started GET "/assets/main.self-e3b0c44298fc1c149afbf4c8996fb92427ae41e4649b934ca495991b7852b855.css?body=1" for ::1 at 2015-06-24 10:31:08 -0700


Started GET "/assets/users.self-e3b0c44298fc1c149afbf4c8996fb92427ae41e4649b934ca495991b7852b855.css?body=1" for ::1 at 2015-06-24 10:31:08 -0700


Started GET "/assets/application.self-6fb14683dc05d76a498c09e1ea49421daebb6a4937f3b8828213d8fd14ebb475.css?body=1" for ::1 at 2015-06-24 10:31:08 -0700


Started GET "/assets/jquery.self-d03a5518f45df77341bdbe6201ba3bfa547ebba8ed64f0ea56bfa5f96ea7c074.js?body=1" for ::1 at 2015-06-24 10:31:08 -0700


Started GET "/assets/jquery_ujs.self-ca5248a2fad13d6bd58ea121318d642f195f0b2dd818b30615f785ff365e8d1f.js?body=1" for ::1 at 2015-06-24 10:31:08 -0700


Started GET "/assets/turbolinks.self-c37727e9bd6b2735da5c311aa83fead54ed0be6cc8bd9a65309e9c5abe2cbfff.js?body=1" for ::1 at 2015-06-24 10:31:08 -0700


Started GET "/assets/application.self-3a3c8b61bda630ee689740ce7cbd0dd8ea6fdd45e2c42eef4661ab38cf268afe.js?body=1" for ::1 at 2015-06-24 10:31:08 -0700


Started GET "/assets/jquery.self-d03a5518f45df77341bdbe6201ba3bfa547ebba8ed64f0ea56bfa5f96ea7c074.js?body=1" for ::1 at 2015-06-24 10:31:08 -0700


Started GET "/assets/application.self-3a3c8b61bda630ee689740ce7cbd0dd8ea6fdd45e2c42eef4661ab38cf268afe.js?body=1" for ::1 at 2015-06-24 10:31:08 -0700


Started POST "/users" for ::1 at 2015-06-24 10:31:25 -0700
Processing by UsersController#create as HTML
  Parameters: {"utf8"=>"✓", "authenticity_token"=>"DhBS4zZz1f/DLTlHjCjETL1G/YlBIojlVnallZRJt+lCXrIbkcOlQGULDUKg4UDyH3iugjsEyc5pXqCIBS6oPQ==", "user"=>{"name"=>"Jardino", "email"=>"jarodreyes+test12@gmail.com", "password"=>"[FILTERED]", "country_code"=>"1", "phone_number"=>"2066505813"}}
  [1m[35m (0.7ms)[0m  BEGIN
  [1m[36mUser Exists (7.5ms)[0m  [1mSELECT  1 AS one FROM "users" WHERE "users"."email" = 'jarodreyes+test12@gmail.com' LIMIT 1[0m
  [1m[35mSQL (25.1ms)[0m  INSERT INTO "users" ("email", "password_digest", "name", "country_code", "phone_number", "created_at", "updated_at") VALUES ($1, $2, $3, $4, $5, $6, $7) RETURNING "id"  [["email", "jarodreyes+test12@gmail.com"], ["password_digest", "$2a$10$TLTEJ9KcHZPK19.M7gVTEu/aEslO1UP19/s1/OR17ZHDp4Kb.SpIq"], ["name", "Jardino"], ["country_code", "1"], ["phone_number", "2066505813"], ["created_at", "2015-06-24 17:31:25.122102"], ["updated_at", "2015-06-24 17:31:25.122102"]]
  [1m[36m (1.0ms)[0m  [1mROLLBACK[0m
  Rendered users/new.html.erb within layouts/application (4.1ms)
Completed 500 Internal Server Error in 136ms

ActionView::Template::Error (undefined method `errors' for nil:NilClass):
    1: <h1>We're going to be *BEST* friends</h1>
    2: <p> Thanks for your interest in signing up! Can you tell us a bit about yourself?</p>
    3: 
    4: <% if @user.errors.any? %>
    5:   <h2>Oops, something went wrong!</h2>
    6: 
    7:   <ul>
  app/views/users/new.html.erb:4:in `_app_views_users_new_html_erb___1687491417402313367_70256079076160'
  app/controllers/users_controller.rb:20:in `rescue in create'
  app/controllers/users_controller.rb:13:in `create'


  Rendered /Users/jreyes/.rvm/gems/ruby-2.1.3/gems/actionpack-4.2.0/lib/action_dispatch/middleware/templates/rescues/_source.erb (7.5ms)
  Rendered /Users/jreyes/.rvm/gems/ruby-2.1.3/gems/actionpack-4.2.0/lib/action_dispatch/middleware/templates/rescues/_trace.html.erb (2.8ms)
  Rendered /Users/jreyes/.rvm/gems/ruby-2.1.3/gems/actionpack-4.2.0/lib/action_dispatch/middleware/templates/rescues/_request_and_response.html.erb (1.0ms)
  Rendered /Users/jreyes/.rvm/gems/ruby-2.1.3/gems/actionpack-4.2.0/lib/action_dispatch/middleware/templates/rescues/template_error.html.erb within rescues/layout (28.3ms)
  Rendered /Users/jreyes/.rvm/gems/ruby-2.1.3/gems/web-console-2.1.3/lib/web_console/templates/_markup.html.erb (0.3ms)
  Rendered /Users/jreyes/.rvm/gems/ruby-2.1.3/gems/web-console-2.1.3/lib/web_console/templates/style.css.erb within layouts/inlined_string (0.3ms)
  Rendered /Users/jreyes/.rvm/gems/ruby-2.1.3/gems/web-console-2.1.3/lib/web_console/templates/_inner_console_markup.html.erb within layouts/inlined_string (0.6ms)
  Rendered /Users/jreyes/.rvm/gems/ruby-2.1.3/gems/web-console-2.1.3/lib/web_console/templates/_prompt_box_markup.html.erb within layouts/inlined_string (0.3ms)
  Rendered /Users/jreyes/.rvm/gems/ruby-2.1.3/gems/web-console-2.1.3/lib/web_console/templates/console.js.erb within layouts/javascript (20.4ms)
  Rendered /Users/jreyes/.rvm/gems/ruby-2.1.3/gems/web-console-2.1.3/lib/web_console/templates/main.js.erb within layouts/javascript (0.3ms)
  Rendered /Users/jreyes/.rvm/gems/ruby-2.1.3/gems/web-console-2.1.3/lib/web_console/templates/error_page.js.erb within layouts/javascript (0.4ms)
  Rendered /Users/jreyes/.rvm/gems/ruby-2.1.3/gems/web-console-2.1.3/lib/web_console/templates/index.html.erb (46.0ms)


Started GET "/users/new" for ::1 at 2015-06-24 10:34:24 -0700
Processing by UsersController#new as HTML
  Rendered users/new.html.erb within layouts/application (2.1ms)
Completed 200 OK in 58ms (Views: 43.0ms | ActiveRecord: 3.4ms)


Started GET "/assets/main.self-e3b0c44298fc1c149afbf4c8996fb92427ae41e4649b934ca495991b7852b855.css?body=1" for ::1 at 2015-06-24 10:34:24 -0700


Started GET "/assets/application.self-6fb14683dc05d76a498c09e1ea49421daebb6a4937f3b8828213d8fd14ebb475.css?body=1" for ::1 at 2015-06-24 10:34:24 -0700


Started GET "/assets/jquery.self-d03a5518f45df77341bdbe6201ba3bfa547ebba8ed64f0ea56bfa5f96ea7c074.js?body=1" for ::1 at 2015-06-24 10:34:24 -0700


Started GET "/assets/users.self-e3b0c44298fc1c149afbf4c8996fb92427ae41e4649b934ca495991b7852b855.css?body=1" for ::1 at 2015-06-24 10:34:24 -0700


Started GET "/assets/turbolinks.self-c37727e9bd6b2735da5c311aa83fead54ed0be6cc8bd9a65309e9c5abe2cbfff.js?body=1" for ::1 at 2015-06-24 10:34:24 -0700


Started GET "/assets/jquery_ujs.self-ca5248a2fad13d6bd58ea121318d642f195f0b2dd818b30615f785ff365e8d1f.js?body=1" for ::1 at 2015-06-24 10:34:24 -0700


Started GET "/assets/application.self-3a3c8b61bda630ee689740ce7cbd0dd8ea6fdd45e2c42eef4661ab38cf268afe.js?body=1" for ::1 at 2015-06-24 10:34:25 -0700


Started GET "/assets/jquery_ujs.self-ca5248a2fad13d6bd58ea121318d642f195f0b2dd818b30615f785ff365e8d1f.js?body=1" for ::1 at 2015-06-24 10:34:25 -0700


Started GET "/assets/turbolinks.self-c37727e9bd6b2735da5c311aa83fead54ed0be6cc8bd9a65309e9c5abe2cbfff.js?body=1" for ::1 at 2015-06-24 10:34:25 -0700


Started GET "/assets/application.self-3a3c8b61bda630ee689740ce7cbd0dd8ea6fdd45e2c42eef4661ab38cf268afe.js?body=1" for ::1 at 2015-06-24 10:34:25 -0700


Started GET "/users/new" for ::1 at 2015-06-24 10:34:26 -0700
Processing by UsersController#new as HTML
  Rendered users/new.html.erb within layouts/application (3.7ms)
Completed 200 OK in 58ms (Views: 56.9ms | ActiveRecord: 0.0ms)


Started GET "/assets/main.self-e3b0c44298fc1c149afbf4c8996fb92427ae41e4649b934ca495991b7852b855.css?body=1" for ::1 at 2015-06-24 10:34:26 -0700


Started GET "/assets/users.self-e3b0c44298fc1c149afbf4c8996fb92427ae41e4649b934ca495991b7852b855.css?body=1" for ::1 at 2015-06-24 10:34:26 -0700


Started GET "/assets/jquery_ujs.self-ca5248a2fad13d6bd58ea121318d642f195f0b2dd818b30615f785ff365e8d1f.js?body=1" for ::1 at 2015-06-24 10:34:26 -0700


Started GET "/assets/application.self-6fb14683dc05d76a498c09e1ea49421daebb6a4937f3b8828213d8fd14ebb475.css?body=1" for ::1 at 2015-06-24 10:34:26 -0700


Started GET "/assets/turbolinks.self-c37727e9bd6b2735da5c311aa83fead54ed0be6cc8bd9a65309e9c5abe2cbfff.js?body=1" for ::1 at 2015-06-24 10:34:26 -0700


Started GET "/assets/jquery.self-d03a5518f45df77341bdbe6201ba3bfa547ebba8ed64f0ea56bfa5f96ea7c074.js?body=1" for ::1 at 2015-06-24 10:34:26 -0700


Started GET "/assets/application.self-3a3c8b61bda630ee689740ce7cbd0dd8ea6fdd45e2c42eef4661ab38cf268afe.js?body=1" for ::1 at 2015-06-24 10:34:26 -0700


Started POST "/users" for ::1 at 2015-06-24 10:34:51 -0700
Processing by UsersController#create as HTML
  Parameters: {"utf8"=>"✓", "authenticity_token"=>"Ng21kbEBGS5+c1zt1l6IdLx21M7JcJHQkoAki5yvoCd6Q1VpFrFpkdhVaOj6lwzKHkiHxbNW0PutqCGWDci/8w==", "user"=>{"name"=>"Jardino Twostep", "email"=>"jarodreyes+test13@gmail.com", "password"=>"[FILTERED]", "country_code"=>"1", "phone_number"=>"2066505813"}}
  [1m[35m (0.1ms)[0m  BEGIN
  [1m[36mUser Exists (1.1ms)[0m  [1mSELECT  1 AS one FROM "users" WHERE "users"."email" = 'jarodreyes+test13@gmail.com' LIMIT 1[0m
  [1m[35mSQL (0.5ms)[0m  INSERT INTO "users" ("email", "password_digest", "name", "country_code", "phone_number", "created_at", "updated_at") VALUES ($1, $2, $3, $4, $5, $6, $7) RETURNING "id"  [["email", "jarodreyes+test13@gmail.com"], ["password_digest", "$2a$10$A5UNMNQdBJVa8rGNgEES5.RW70MPzURSpLH1RUhqQoQvbW1h/svZC"], ["name", "Jardino Twostep"], ["country_code", "1"], ["phone_number", "2066505813"], ["created_at", "2015-06-24 17:34:51.901500"], ["updated_at", "2015-06-24 17:34:51.901500"]]
  [1m[36mUser Exists (0.5ms)[0m  [1mSELECT  1 AS one FROM "users" WHERE ("users"."email" = 'jarodreyes+test13@gmail.com' AND "users"."id" != 9) LIMIT 1[0m
  [1m[35mSQL (10.8ms)[0m  UPDATE "users" SET "email" = $1, "password_digest" = $2, "name" = $3, "country_code" = $4, "phone_number" = $5, "created_at" = $6, "updated_at" = $7, "id" = $8, "authy_id" = $9 WHERE "users"."id" = $10  [["email", "jarodreyes+test13@gmail.com"], ["password_digest", "$2a$10$A5UNMNQdBJVa8rGNgEES5.RW70MPzURSpLH1RUhqQoQvbW1h/svZC"], ["name", "Jardino Twostep"], ["country_code", "1"], ["phone_number", "2066505813"], ["created_at", "2015-06-24 17:34:51.901500"], ["updated_at", "2015-06-24 17:34:51.901500"], ["id", 9], ["authy_id", "5588010"], ["id", 9]]
  [1m[36m (1.0ms)[0m  [1mCOMMIT[0m
Redirected to http://localhost:3000/users/verify
Completed 302 Found in 993ms (ActiveRecord: 14.1ms)


Started GET "/users/verify" for ::1 at 2015-06-24 10:34:52 -0700
Processing by UsersController#show_verify as HTML
  Rendered users/show_verify.html.erb within layouts/application (2.2ms)
Completed 200 OK in 37ms (Views: 36.6ms | ActiveRecord: 0.0ms)


Started GET "/assets/main.self-e3b0c44298fc1c149afbf4c8996fb92427ae41e4649b934ca495991b7852b855.css?body=1" for ::1 at 2015-06-24 10:34:53 -0700


Started GET "/assets/users.self-e3b0c44298fc1c149afbf4c8996fb92427ae41e4649b934ca495991b7852b855.css?body=1" for ::1 at 2015-06-24 10:34:53 -0700


Started GET "/assets/application.self-6fb14683dc05d76a498c09e1ea49421daebb6a4937f3b8828213d8fd14ebb475.css?body=1" for ::1 at 2015-06-24 10:34:53 -0700


Started GET "/assets/turbolinks.self-c37727e9bd6b2735da5c311aa83fead54ed0be6cc8bd9a65309e9c5abe2cbfff.js?body=1" for ::1 at 2015-06-24 10:34:53 -0700


Started GET "/assets/jquery_ujs.self-ca5248a2fad13d6bd58ea121318d642f195f0b2dd818b30615f785ff365e8d1f.js?body=1" for ::1 at 2015-06-24 10:34:53 -0700


Started GET "/assets/jquery.self-d03a5518f45df77341bdbe6201ba3bfa547ebba8ed64f0ea56bfa5f96ea7c074.js?body=1" for ::1 at 2015-06-24 10:34:53 -0700


Started GET "/assets/application.self-3a3c8b61bda630ee689740ce7cbd0dd8ea6fdd45e2c42eef4661ab38cf268afe.js?body=1" for ::1 at 2015-06-24 10:34:53 -0700


Started POST "/users/verify" for ::1 at 2015-06-24 10:35:10 -0700
Processing by UsersController#verify as HTML
  Parameters: {"utf8"=>"✓", "authenticity_token"=>"PUz93tGqmkK+OD82UzLbsE/HMAeVxLWGlj9Cqx/rqO1xAh0mdhrq/RgeCzN/+18O7fljDO/i9K2pF0e2joy3OQ==", "token"=>"8821428"}
  [1m[35mUser Load (0.9ms)[0m  SELECT  "users".* FROM "users" WHERE "users"."id" = $1 LIMIT 1  [["id", 9]]
  [1m[36m (0.6ms)[0m  [1mBEGIN[0m
  [1m[35mUser Exists (0.4ms)[0m  SELECT  1 AS one FROM "users" WHERE ("users"."email" = 'jarodreyes+test13@gmail.com' AND "users"."id" != 9) LIMIT 1
  [1m[36mSQL (0.3ms)[0m  [1mUPDATE "users" SET "verified" = $1, "updated_at" = $2 WHERE "users"."id" = $3[0m  [["verified", "t"], ["updated_at", "2015-06-24 17:35:11.234024"], ["id", 9]]
  [1m[35m (0.8ms)[0m  COMMIT
Completed 500 Internal Server Error in 1702ms

NoMethodError (undefined method `id' for nil:NilClass):
  app/controllers/users_controller.rb:32:in `verify'


  Rendered /Users/jreyes/.rvm/gems/ruby-2.1.3/gems/actionpack-4.2.0/lib/action_dispatch/middleware/templates/rescues/_source.erb (4.6ms)
  Rendered /Users/jreyes/.rvm/gems/ruby-2.1.3/gems/actionpack-4.2.0/lib/action_dispatch/middleware/templates/rescues/_trace.html.erb (1.9ms)
  Rendered /Users/jreyes/.rvm/gems/ruby-2.1.3/gems/actionpack-4.2.0/lib/action_dispatch/middleware/templates/rescues/_request_and_response.html.erb (1.0ms)
  Rendered /Users/jreyes/.rvm/gems/ruby-2.1.3/gems/actionpack-4.2.0/lib/action_dispatch/middleware/templates/rescues/diagnostics.html.erb within rescues/layout (20.8ms)
  Rendered /Users/jreyes/.rvm/gems/ruby-2.1.3/gems/web-console-2.1.3/lib/web_console/templates/_markup.html.erb (0.7ms)
  Rendered /Users/jreyes/.rvm/gems/ruby-2.1.3/gems/web-console-2.1.3/lib/web_console/templates/style.css.erb within layouts/inlined_string (0.4ms)
  Rendered /Users/jreyes/.rvm/gems/ruby-2.1.3/gems/web-console-2.1.3/lib/web_console/templates/_inner_console_markup.html.erb within layouts/inlined_string (0.5ms)
  Rendered /Users/jreyes/.rvm/gems/ruby-2.1.3/gems/web-console-2.1.3/lib/web_console/templates/_prompt_box_markup.html.erb within layouts/inlined_string (0.6ms)
  Rendered /Users/jreyes/.rvm/gems/ruby-2.1.3/gems/web-console-2.1.3/lib/web_console/templates/console.js.erb within layouts/javascript (21.1ms)
  Rendered /Users/jreyes/.rvm/gems/ruby-2.1.3/gems/web-console-2.1.3/lib/web_console/templates/main.js.erb within layouts/javascript (0.3ms)
  Rendered /Users/jreyes/.rvm/gems/ruby-2.1.3/gems/web-console-2.1.3/lib/web_console/templates/error_page.js.erb within layouts/javascript (0.4ms)
  Rendered /Users/jreyes/.rvm/gems/ruby-2.1.3/gems/web-console-2.1.3/lib/web_console/templates/index.html.erb (44.1ms)


Started GET "/users/9" for ::1 at 2015-06-24 10:36:43 -0700
Processing by UsersController#show as HTML
  Parameters: {"id"=>"9"}
  [1m[36mUser Load (0.5ms)[0m  [1mSELECT  "users".* FROM "users" WHERE "users"."id" = $1 LIMIT 1[0m  [["id", 9]]
  Rendered users/show.html.erb within layouts/application (1.9ms)
Completed 200 OK in 67ms (Views: 46.8ms | ActiveRecord: 5.1ms)


Started GET "/assets/main.self-e3b0c44298fc1c149afbf4c8996fb92427ae41e4649b934ca495991b7852b855.css?body=1" for ::1 at 2015-06-24 10:36:44 -0700


Started GET "/assets/users.self-e3b0c44298fc1c149afbf4c8996fb92427ae41e4649b934ca495991b7852b855.css?body=1" for ::1 at 2015-06-24 10:36:44 -0700


Started GET "/assets/application.self-6fb14683dc05d76a498c09e1ea49421daebb6a4937f3b8828213d8fd14ebb475.css?body=1" for ::1 at 2015-06-24 10:36:44 -0700


Started GET "/assets/jquery.self-d03a5518f45df77341bdbe6201ba3bfa547ebba8ed64f0ea56bfa5f96ea7c074.js?body=1" for ::1 at 2015-06-24 10:36:44 -0700


Started GET "/assets/jquery_ujs.self-ca5248a2fad13d6bd58ea121318d642f195f0b2dd818b30615f785ff365e8d1f.js?body=1" for ::1 at 2015-06-24 10:36:44 -0700


Started GET "/assets/turbolinks.self-c37727e9bd6b2735da5c311aa83fead54ed0be6cc8bd9a65309e9c5abe2cbfff.js?body=1" for ::1 at 2015-06-24 10:36:44 -0700


Started GET "/assets/application.self-3a3c8b61bda630ee689740ce7cbd0dd8ea6fdd45e2c42eef4661ab38cf268afe.js?body=1" for ::1 at 2015-06-24 10:36:44 -0700
